<?xml version="1.0" encoding="UTF-8"?>
<!-- Generated by org.testng.reporters.JUnitReportReporter -->
<testsuite hostname="AMEMONLAPTOP" failures="0" tests="1" name="page.test.AndroidLoginTest" time="8.759" errors="0" timestamp="22 Aug 2019 11:21:16 GMT">
  <testcase classname="page.test.AndroidLoginTest" name="AppLogin" time="8.759"/>
</testsuite> <!-- page.test.AndroidLoginTest -->
