<?xml version="1.0" encoding="UTF-8"?>
<!-- Generated by org.testng.reporters.JUnitReportReporter -->
<testsuite hostname="Amaans-MacBook-Pro.local" failures="0" tests="2" name="page.test.WallethubTest" time="523.667" errors="0" timestamp="25 Jun 2021 08:57:16 GMT">
  <testcase classname="page.test.WallethubTest" name="InsuranceCompanyPage" time="511.977"/>
  <testcase classname="page.test.WallethubTest" name="Signup" time="11.690"/>
</testsuite> <!-- page.test.WallethubTest -->
