<?xml version="1.0" encoding="UTF-8"?>
<!-- Generated by org.testng.reporters.JUnitReportReporter -->
<testsuite hostname="AMEMONLAPTOP" failures="0" tests="1" name="page.test.ProwebTest" time="76.320" errors="0" timestamp="21 Nov 2019 08:00:33 GMT">
  <testcase classname="page.test.ProwebTest" name="Login" time="76.320"/>
</testsuite> <!-- page.test.ProwebTest -->
