<?xml version="1.0" encoding="UTF-8"?>
<!-- Generated by org.testng.reporters.JUnitReportReporter -->
<testsuite hostname="PSHIRKE-LAPTOP" failures="0" tests="4" name="page.test.FundsTest" time="33.328" errors="0" timestamp="19 Feb 2020 12:50:37 GMT">
  <testcase classname="page.test.FundsTest" name="verifyNetbanking" time="14.755"/>
  <testcase classname="page.test.FundsTest" name="securitieslandingscreen" time="6.389"/>
  <testcase classname="page.test.FundsTest" name="gotoFunds" time="5.809"/>
  <testcase classname="page.test.FundsTest" name="commoditieslandingscreen" time="6.375"/>
</testsuite> <!-- page.test.FundsTest -->
