<?xml version="1.0" encoding="UTF-8"?>
<!-- Generated by org.testng.reporters.JUnitReportReporter -->
<testsuite hostname="AMEMONLAPTOP" failures="0" tests="5" name="page.test.ForgotTest" time="65.920" errors="0" timestamp="28 Aug 2019 11:07:00 GMT">
  <testcase classname="page.test.ForgotTest" name="resetbyphone" time="16.396"/>
  <testcase classname="page.test.ForgotTest" name="resetbyemail" time="16.362"/>
  <testcase classname="page.test.ForgotTest" name="resetuserid" time="0.647"/>
  <testcase classname="page.test.ForgotTest" name="forgotpassword" time="16.137"/>
  <testcase classname="page.test.ForgotTest" name="resetbypan" time="16.378"/>
</testsuite> <!-- page.test.ForgotTest -->
