<?xml version="1.0" encoding="UTF-8"?>
<!-- Generated by org.testng.reporters.JUnitReportReporter -->
<testsuite hostname="DESKTOP-6H78QLN" name="page.test.WatchlistTest" tests="1" failures="0" timestamp="7 Jan 2020 09:25:09 GMT" time="13.471" errors="0">
  <testcase name="CreateWatchlist" time="13.471" classname="page.test.WatchlistTest"/>
</testsuite> <!-- page.test.WatchlistTest -->
